2026-02-11 20:22:35,194 - aqt.main - INFO - installer 43672 aqtinstall(aqt) v3.3.0 on Python 3.13.1 [CPython MSC v.1942 64 bit (AMD64)]
2026-02-11 20:22:35,195 - aqt.helper - DEBUG - helper 43672 Attempt to download checksum at https://download.qt.io/online/qtsdkrepository/windows_x86/desktop/qt5_5152/Updates.xml.sha256
2026-02-11 20:22:36,341 - aqt.main - ERROR - installer 43672 The packages ['qt_base'] were not found while parsing XML of package information!
==============================Suggested follow-up:==============================
* Please use 'aqt list-qt windows desktop --arch 5.15.2' to show architectures available.
2026-02-11 20:23:08,712 - aqt.main - INFO - installer 20512 aqtinstall(aqt) v3.3.0 on Python 3.13.1 [CPython MSC v.1942 64 bit (AMD64)]
2026-02-11 20:23:08,713 - aqt.helper - DEBUG - helper 20512 Attempt to download checksum at https://download.qt.io/online/qtsdkrepository/windows_x86/desktop/qt5_5152/Updates.xml.sha256
2026-02-11 20:23:09,780 - aqt.installer - INFO - installer 20512 DRY RUN: Would download and install the following:
2026-02-11 20:23:09,780 - aqt.installer - INFO - installer 20512   - qtbase: online/qtsdkrepository/windows_x86/desktop/qt5_5152/qt.qt5.5152.win64_msvc2019_64/5.15.2-0-202011130602qtbase-Windows-Windows_10-MSVC2019-Windows-Windows_10-X86_64.7z
2026-02-11 20:23:09,780 - aqt.installer - INFO - installer 20512   - qtconnectivity: online/qtsdkrepository/windows_x86/desktop/qt5_5152/qt.qt5.5152.win64_msvc2019_64/5.15.2-0-202011130602qtconnectivity-Windows-Windows_10-MSVC2019-Windows-Windows_10-X86_64.7z
2026-02-11 20:23:09,781 - aqt.installer - INFO - installer 20512   - qtactiveqt: online/qtsdkrepository/windows_x86/desktop/qt5_5152/qt.qt5.5152.win64_msvc2019_64/5.15.2-0-202011130602qtactiveqt-Windows-Windows_10-MSVC2019-Windows-Windows_10-X86_64.7z
2026-02-11 20:23:09,781 - aqt.installer - INFO - installer 20512   - qtmultimedia: online/qtsdkrepository/windows_x86/desktop/qt5_5152/qt.qt5.5152.win64_msvc2019_64/5.15.2-0-202011130602qtmultimedia-Windows-Windows_10-MSVC2019-Windows-Windows_10-X86_64.7z
2026-02-11 20:23:09,781 - aqt.installer - INFO - installer 20512   - qttranslations: online/qtsdkrepository/windows_x86/desktop/qt5_5152/qt.qt5.5152.win64_msvc2019_64/5.15.2-0-202011130602qttranslations-Windows-Windows_10-MSVC2019-Windows-Windows_10-X86_64.7z
2026-02-11 20:23:09,781 - aqt.installer - INFO - installer 20512   - qtgraphicaleffects: online/qtsdkrepository/windows_x86/desktop/qt5_5152/qt.qt5.5152.win64_msvc2019_64/5.15.2-0-202011130602qtgraphicaleffects-Windows-Windows_10-MSVC2019-Windows-Windows_10-X86_64.7z
2026-02-11 20:23:09,781 - aqt.installer - INFO - installer 20512   - qtsvg: online/qtsdkrepository/windows_x86/desktop/qt5_5152/qt.qt5.5152.win64_msvc2019_64/5.15.2-0-202011130602qtsvg-Windows-Windows_10-MSVC2019-Windows-Windows_10-X86_64.7z
2026-02-11 20:23:09,781 - aqt.installer - INFO - installer 20512   - qtdeclarative: online/qtsdkrepository/windows_x86/desktop/qt5_5152/qt.qt5.5152.win64_msvc2019_64/5.15.2-0-202011130602qtdeclarative-Windows-Windows_10-MSVC2019-Windows-Windows_10-X86_64.7z
2026-02-11 20:23:09,782 - aqt.installer - INFO - installer 20512   - qtwinextras: online/qtsdkrepository/windows_x86/desktop/qt5_5152/qt.qt5.5152.win64_msvc2019_64/5.15.2-0-202011130602qtwinextras-Windows-Windows_10-MSVC2019-Windows-Windows_10-X86_64.7z
2026-02-11 20:23:09,782 - aqt.installer - INFO - installer 20512   - qtimageformats: online/qtsdkrepository/windows_x86/desktop/qt5_5152/qt.qt5.5152.win64_msvc2019_64/5.15.2-0-202011130602qtimageformats-Windows-Windows_10-MSVC2019-Windows-Windows_10-X86_64.7z
2026-02-11 20:23:09,782 - aqt.installer - INFO - installer 20512   - qttools: online/qtsdkrepository/windows_x86/desktop/qt5_5152/qt.qt5.5152.win64_msvc2019_64/5.15.2-0-202011130602qttools-Windows-Windows_10-MSVC2019-Windows-Windows_10-X86_64.7z
2026-02-11 20:23:09,782 - aqt.installer - INFO - installer 20512   - qtxmlpatterns: online/qtsdkrepository/windows_x86/desktop/qt5_5152/qt.qt5.5152.win64_msvc2019_64/5.15.2-0-202011130602qtxmlpatterns-Windows-Windows_10-MSVC2019-Windows-Windows_10-X86_64.7z
2026-02-11 20:23:09,783 - aqt.installer - INFO - installer 20512   - qtsensors: online/qtsdkrepository/windows_x86/desktop/qt5_5152/qt.qt5.5152.win64_msvc2019_64/5.15.2-0-202011130602qtsensors-Windows-Windows_10-MSVC2019-Windows-Windows_10-X86_64.7z
2026-02-11 20:23:09,783 - aqt.installer - INFO - installer 20512   - qtwebsockets: online/qtsdkrepository/windows_x86/desktop/qt5_5152/qt.qt5.5152.win64_msvc2019_64/5.15.2-0-202011130602qtwebsockets-Windows-Windows_10-MSVC2019-Windows-Windows_10-X86_64.7z
2026-02-11 20:23:09,783 - aqt.installer - INFO - installer 20512   - qtwebchannel: online/qtsdkrepository/windows_x86/desktop/qt5_5152/qt.qt5.5152.win64_msvc2019_64/5.15.2-0-202011130602qtwebchannel-Windows-Windows_10-MSVC2019-Windows-Windows_10-X86_64.7z
2026-02-11 20:23:09,783 - aqt.installer - INFO - installer 20512   - qtlocation: online/qtsdkrepository/windows_x86/desktop/qt5_5152/qt.qt5.5152.win64_msvc2019_64/5.15.2-0-202011130602qtlocation-Windows-Windows_10-MSVC2019-Windows-Windows_10-X86_64.7z
2026-02-11 20:23:09,783 - aqt.installer - INFO - installer 20512   - qtserialport: online/qtsdkrepository/windows_x86/desktop/qt5_5152/qt.qt5.5152.win64_msvc2019_64/5.15.2-0-202011130602qtserialport-Windows-Windows_10-MSVC2019-Windows-Windows_10-X86_64.7z
2026-02-11 20:23:09,783 - aqt.installer - INFO - installer 20512   - qtquickcontrols: online/qtsdkrepository/windows_x86/desktop/qt5_5152/qt.qt5.5152.win64_msvc2019_64/5.15.2-0-202011130602qtquickcontrols-Windows-Windows_10-MSVC2019-Windows-Windows_10-X86_64.7z
2026-02-11 20:23:09,784 - aqt.installer - INFO - installer 20512   - qtquickcontrols2: online/qtsdkrepository/windows_x86/desktop/qt5_5152/qt.qt5.5152.win64_msvc2019_64/5.15.2-0-202011130602qtquickcontrols2-Windows-Windows_10-MSVC2019-Windows-Windows_10-X86_64.7z
2026-02-11 20:23:09,784 - aqt.installer - INFO - installer 20512   - qt3d: online/qtsdkrepository/windows_x86/desktop/qt5_5152/qt.qt5.5152.win64_msvc2019_64/5.15.2-0-202011130602qt3d-Windows-Windows_10-MSVC2019-Windows-Windows_10-X86_64.7z
2026-02-11 20:23:09,784 - aqt.installer - INFO - installer 20512   - qtwebview: online/qtsdkrepository/windows_x86/desktop/qt5_5152/qt.qt5.5152.win64_msvc2019_64/5.15.2-0-202011130602qtwebview-Windows-Windows_10-MSVC2019-Windows-Windows_10-X86_64.7z
2026-02-11 20:23:09,784 - aqt.installer - INFO - installer 20512   - qtserialbus: online/qtsdkrepository/windows_x86/desktop/qt5_5152/qt.qt5.5152.win64_msvc2019_64/5.15.2-0-202011130602qtserialbus-Windows-Windows_10-MSVC2019-Windows-Windows_10-X86_64.7z
2026-02-11 20:23:09,785 - aqt.installer - INFO - installer 20512   - qtscxml: online/qtsdkrepository/windows_x86/desktop/qt5_5152/qt.qt5.5152.win64_msvc2019_64/5.15.2-0-202011130602qtscxml-Windows-Windows_10-MSVC2019-Windows-Windows_10-X86_64.7z
2026-02-11 20:23:09,785 - aqt.installer - INFO - installer 20512   - qtgamepad: online/qtsdkrepository/windows_x86/desktop/qt5_5152/qt.qt5.5152.win64_msvc2019_64/5.15.2-0-202011130602qtgamepad-Windows-Windows_10-MSVC2019-Windows-Windows_10-X86_64.7z
2026-02-11 20:23:09,785 - aqt.installer - INFO - installer 20512   - qtspeech: online/qtsdkrepository/windows_x86/desktop/qt5_5152/qt.qt5.5152.win64_msvc2019_64/5.15.2-0-202011130602qtspeech-Windows-Windows_10-MSVC2019-Windows-Windows_10-X86_64.7z
2026-02-11 20:23:09,785 - aqt.installer - INFO - installer 20512   - qtremoteobjects: online/qtsdkrepository/windows_x86/desktop/qt5_5152/qt.qt5.5152.win64_msvc2019_64/5.15.2-0-202011130602qtremoteobjects-Windows-Windows_10-MSVC2019-Windows-Windows_10-X86_64.7z
2026-02-11 20:23:09,785 - aqt.installer - INFO - installer 20512   - d3dcompiler_47: online/qtsdkrepository/windows_x86/desktop/qt5_5152/qt.qt5.5152.win64_msvc2019_64/5.15.2-0-202011130602d3dcompiler_47-x64.7z
2026-02-11 20:23:09,785 - aqt.installer - INFO - installer 20512   - opengl32sw: online/qtsdkrepository/windows_x86/desktop/qt5_5152/qt.qt5.5152.win64_msvc2019_64/5.15.2-0-202011130602opengl32sw-64-mesa_12_0_rc2.7z
2026-02-11 20:23:09,786 - aqt.installer - INFO - installer 20512 Total packages: 28
2026-02-11 20:23:17,115 - aqt.main - INFO - installer 29424 aqtinstall(aqt) v3.3.0 on Python 3.13.1 [CPython MSC v.1942 64 bit (AMD64)]
2026-02-11 20:23:17,116 - aqt.helper - DEBUG - helper 29424 Attempt to download checksum at https://download.qt.io/online/qtsdkrepository/windows_x86/desktop/qt5_5152/Updates.xml.sha256
2026-02-11 20:23:19,131 - aqt.helper - DEBUG - helper 2244 Attempt to download checksum at https://download.qt.io/online/qtsdkrepository/windows_x86/desktop/qt5_5152/qt.qt5.5152.win64_msvc2019_64/5.15.2-0-202011130602qtbase-Windows-Windows_10-MSVC2019-Windows-Windows_10-X86_64.7z.sha256
2026-02-11 20:23:19,134 - aqt.helper - DEBUG - helper 27036 Attempt to download checksum at https://download.qt.io/online/qtsdkrepository/windows_x86/desktop/qt5_5152/qt.qt5.5152.win64_msvc2019_64/5.15.2-0-202011130602qtactiveqt-Windows-Windows_10-MSVC2019-Windows-Windows_10-X86_64.7z.sha256
2026-02-11 20:23:19,139 - aqt.helper - DEBUG - helper 42736 Attempt to download checksum at https://download.qt.io/online/qtsdkrepository/windows_x86/desktop/qt5_5152/qt.qt5.5152.win64_msvc2019_64/5.15.2-0-202011130602qttranslations-Windows-Windows_10-MSVC2019-Windows-Windows_10-X86_64.7z.sha256
2026-02-11 20:23:19,148 - aqt.helper - DEBUG - helper 4444 Attempt to download checksum at https://download.qt.io/online/qtsdkrepository/windows_x86/desktop/qt5_5152/qt.qt5.5152.win64_msvc2019_64/5.15.2-0-202011130602qtsvg-Windows-Windows_10-MSVC2019-Windows-Windows_10-X86_64.7z.sha256
2026-02-11 20:23:19,907 - aqt.helper - INFO - helper 42736 Downloading qttranslations...
2026-02-11 20:23:19,907 - aqt.helper - INFO - helper 27036 Downloading qtactiveqt...
2026-02-11 20:23:19,907 - aqt.installer - DEBUG - installer 42736 Download URL: https://download.qt.io/online/qtsdkrepository/windows_x86/desktop/qt5_5152/qt.qt5.5152.win64_msvc2019_64/5.15.2-0-202011130602qttranslations-Windows-Windows_10-MSVC2019-Windows-Windows_10-X86_64.7z
2026-02-11 20:23:19,907 - aqt.installer - DEBUG - installer 27036 Download URL: https://download.qt.io/online/qtsdkrepository/windows_x86/desktop/qt5_5152/qt.qt5.5152.win64_msvc2019_64/5.15.2-0-202011130602qtactiveqt-Windows-Windows_10-MSVC2019-Windows-Windows_10-X86_64.7z
2026-02-11 20:23:19,918 - aqt.helper - INFO - helper 4444 Downloading qtsvg...
2026-02-11 20:23:19,918 - aqt.helper - INFO - helper 2244 Downloading qtbase...
2026-02-11 20:23:19,919 - aqt.installer - DEBUG - installer 4444 Download URL: https://download.qt.io/online/qtsdkrepository/windows_x86/desktop/qt5_5152/qt.qt5.5152.win64_msvc2019_64/5.15.2-0-202011130602qtsvg-Windows-Windows_10-MSVC2019-Windows-Windows_10-X86_64.7z
2026-02-11 20:23:19,919 - aqt.installer - DEBUG - installer 2244 Download URL: https://download.qt.io/online/qtsdkrepository/windows_x86/desktop/qt5_5152/qt.qt5.5152.win64_msvc2019_64/5.15.2-0-202011130602qtbase-Windows-Windows_10-MSVC2019-Windows-Windows_10-X86_64.7z
2026-02-11 20:23:20,634 - aqt.helper - DEBUG - helper 42736 Asked to redirect(302) to: https://mirrors.20i.com/pub/qt.io/online/qtsdkrepository/windows_x86/desktop/qt5_5152/qt.qt5.5152.win64_msvc2019_64/5.15.2-0-202011130602qttranslations-Windows-Windows_10-MSVC2019-Windows-Windows_10-X86_64.7z
2026-02-11 20:23:20,634 - aqt.helper - INFO - helper 42736 Redirected: mirrors.20i.com
2026-02-11 20:23:20,668 - aqt.helper - DEBUG - helper 2244 Asked to redirect(302) to: https://mirrors.20i.com/pub/qt.io/online/qtsdkrepository/windows_x86/desktop/qt5_5152/qt.qt5.5152.win64_msvc2019_64/5.15.2-0-202011130602qtbase-Windows-Windows_10-MSVC2019-Windows-Windows_10-X86_64.7z
2026-02-11 20:23:20,668 - aqt.helper - INFO - helper 2244 Redirected: mirrors.20i.com
2026-02-11 20:23:20,669 - aqt.helper - DEBUG - helper 4444 Asked to redirect(302) to: https://mirrors.20i.com/pub/qt.io/online/qtsdkrepository/windows_x86/desktop/qt5_5152/qt.qt5.5152.win64_msvc2019_64/5.15.2-0-202011130602qtsvg-Windows-Windows_10-MSVC2019-Windows-Windows_10-X86_64.7z
2026-02-11 20:23:20,669 - aqt.helper - INFO - helper 4444 Redirected: mirrors.20i.com
2026-02-11 20:23:20,672 - aqt.helper - DEBUG - helper 27036 Asked to redirect(302) to: https://mirrors.20i.com/pub/qt.io/online/qtsdkrepository/windows_x86/desktop/qt5_5152/qt.qt5.5152.win64_msvc2019_64/5.15.2-0-202011130602qtactiveqt-Windows-Windows_10-MSVC2019-Windows-Windows_10-X86_64.7z
2026-02-11 20:23:20,672 - aqt.helper - INFO - helper 27036 Redirected: mirrors.20i.com
2026-02-11 20:23:21,681 - aqt.installer - INFO - installer 4444 Finished installation of qtsvg-Windows-Windows_10-MSVC2019-Windows-Windows_10-X86_64.7z in 2.53564550
2026-02-11 20:23:21,694 - aqt.helper - DEBUG - helper 4444 Attempt to download checksum at https://download.qt.io/online/qtsdkrepository/windows_x86/desktop/qt5_5152/qt.qt5.5152.win64_msvc2019_64/5.15.2-0-202011130602qtdeclarative-Windows-Windows_10-MSVC2019-Windows-Windows_10-X86_64.7z.sha256
2026-02-11 20:23:22,308 - aqt.helper - INFO - helper 4444 Downloading qtdeclarative...
2026-02-11 20:23:22,308 - aqt.installer - DEBUG - installer 4444 Download URL: https://download.qt.io/online/qtsdkrepository/windows_x86/desktop/qt5_5152/qt.qt5.5152.win64_msvc2019_64/5.15.2-0-202011130602qtdeclarative-Windows-Windows_10-MSVC2019-Windows-Windows_10-X86_64.7z
2026-02-11 20:23:22,838 - aqt.installer - INFO - installer 42736 Finished installation of qttranslations-Windows-Windows_10-MSVC2019-Windows-Windows_10-X86_64.7z in 3.70130480
2026-02-11 20:23:22,852 - aqt.helper - DEBUG - helper 42736 Attempt to download checksum at https://download.qt.io/online/qtsdkrepository/windows_x86/desktop/qt5_5152/qt.qt5.5152.win64_msvc2019_64/5.15.2-0-202011130602qtgraphicaleffects-Windows-Windows_10-MSVC2019-Windows-Windows_10-X86_64.7z.sha256
2026-02-11 20:23:22,922 - aqt.helper - DEBUG - helper 4444 Asked to redirect(302) to: https://mirrors.20i.com/pub/qt.io/online/qtsdkrepository/windows_x86/desktop/qt5_5152/qt.qt5.5152.win64_msvc2019_64/5.15.2-0-202011130602qtdeclarative-Windows-Windows_10-MSVC2019-Windows-Windows_10-X86_64.7z
2026-02-11 20:23:22,922 - aqt.helper - INFO - helper 4444 Redirected: mirrors.20i.com
2026-02-11 20:23:23,074 - aqt.installer - INFO - installer 27036 Finished installation of qtactiveqt-Windows-Windows_10-MSVC2019-Windows-Windows_10-X86_64.7z in 3.94225530
2026-02-11 20:23:23,095 - aqt.helper - DEBUG - helper 27036 Attempt to download checksum at https://download.qt.io/online/qtsdkrepository/windows_x86/desktop/qt5_5152/qt.qt5.5152.win64_msvc2019_64/5.15.2-0-202011130602qtmultimedia-Windows-Windows_10-MSVC2019-Windows-Windows_10-X86_64.7z.sha256
2026-02-11 20:23:23,667 - aqt.helper - INFO - helper 42736 Downloading qtgraphicaleffects...
2026-02-11 20:23:23,667 - aqt.installer - DEBUG - installer 42736 Download URL: https://download.qt.io/online/qtsdkrepository/windows_x86/desktop/qt5_5152/qt.qt5.5152.win64_msvc2019_64/5.15.2-0-202011130602qtgraphicaleffects-Windows-Windows_10-MSVC2019-Windows-Windows_10-X86_64.7z
2026-02-11 20:23:24,214 - aqt.helper - DEBUG - helper 42736 Asked to redirect(302) to: https://mirrors.20i.com/pub/qt.io/online/qtsdkrepository/windows_x86/desktop/qt5_5152/qt.qt5.5152.win64_msvc2019_64/5.15.2-0-202011130602qtgraphicaleffects-Windows-Windows_10-MSVC2019-Windows-Windows_10-X86_64.7z
2026-02-11 20:23:24,214 - aqt.helper - INFO - helper 42736 Redirected: mirrors.20i.com
2026-02-11 20:23:24,692 - aqt.helper - INFO - helper 27036 Downloading qtmultimedia...
2026-02-11 20:23:24,692 - aqt.installer - DEBUG - installer 27036 Download URL: https://download.qt.io/online/qtsdkrepository/windows_x86/desktop/qt5_5152/qt.qt5.5152.win64_msvc2019_64/5.15.2-0-202011130602qtmultimedia-Windows-Windows_10-MSVC2019-Windows-Windows_10-X86_64.7z
2026-02-11 20:23:25,336 - aqt.helper - DEBUG - helper 27036 Asked to redirect(302) to: https://mirrors.20i.com/pub/qt.io/online/qtsdkrepository/windows_x86/desktop/qt5_5152/qt.qt5.5152.win64_msvc2019_64/5.15.2-0-202011130602qtmultimedia-Windows-Windows_10-MSVC2019-Windows-Windows_10-X86_64.7z
2026-02-11 20:23:25,337 - aqt.helper - INFO - helper 27036 Redirected: mirrors.20i.com
2026-02-11 20:23:25,471 - aqt.installer - INFO - installer 42736 Finished installation of qtgraphicaleffects-Windows-Windows_10-MSVC2019-Windows-Windows_10-X86_64.7z in 2.62306170
2026-02-11 20:23:25,493 - aqt.helper - DEBUG - helper 42736 Attempt to download checksum at https://download.qt.io/online/qtsdkrepository/windows_x86/desktop/qt5_5152/qt.qt5.5152.win64_msvc2019_64/5.15.2-0-202011130602qtwinextras-Windows-Windows_10-MSVC2019-Windows-Windows_10-X86_64.7z.sha256
2026-02-11 20:23:26,299 - aqt.helper - INFO - helper 42736 Downloading qtwinextras...
2026-02-11 20:23:26,300 - aqt.installer - DEBUG - installer 42736 Download URL: https://download.qt.io/online/qtsdkrepository/windows_x86/desktop/qt5_5152/qt.qt5.5152.win64_msvc2019_64/5.15.2-0-202011130602qtwinextras-Windows-Windows_10-MSVC2019-Windows-Windows_10-X86_64.7z
2026-02-11 20:23:26,953 - aqt.helper - DEBUG - helper 42736 Asked to redirect(302) to: https://mirrors.20i.com/pub/qt.io/online/qtsdkrepository/windows_x86/desktop/qt5_5152/qt.qt5.5152.win64_msvc2019_64/5.15.2-0-202011130602qtwinextras-Windows-Windows_10-MSVC2019-Windows-Windows_10-X86_64.7z
2026-02-11 20:23:26,954 - aqt.helper - INFO - helper 42736 Redirected: mirrors.20i.com
2026-02-11 20:23:28,463 - aqt.installer - INFO - installer 42736 Finished installation of qtwinextras-Windows-Windows_10-MSVC2019-Windows-Windows_10-X86_64.7z in 2.97802790
2026-02-11 20:23:28,480 - aqt.helper - DEBUG - helper 42736 Attempt to download checksum at https://download.qt.io/online/qtsdkrepository/windows_x86/desktop/qt5_5152/qt.qt5.5152.win64_msvc2019_64/5.15.2-0-202011130602qtimageformats-Windows-Windows_10-MSVC2019-Windows-Windows_10-X86_64.7z.sha256
2026-02-11 20:23:29,123 - aqt.helper - INFO - helper 42736 Downloading qtimageformats...
2026-02-11 20:23:29,124 - aqt.installer - DEBUG - installer 42736 Download URL: https://download.qt.io/online/qtsdkrepository/windows_x86/desktop/qt5_5152/qt.qt5.5152.win64_msvc2019_64/5.15.2-0-202011130602qtimageformats-Windows-Windows_10-MSVC2019-Windows-Windows_10-X86_64.7z
2026-02-11 20:23:29,793 - aqt.helper - DEBUG - helper 42736 Asked to redirect(302) to: https://mirrors.20i.com/pub/qt.io/online/qtsdkrepository/windows_x86/desktop/qt5_5152/qt.qt5.5152.win64_msvc2019_64/5.15.2-0-202011130602qtimageformats-Windows-Windows_10-MSVC2019-Windows-Windows_10-X86_64.7z
2026-02-11 20:23:29,793 - aqt.helper - INFO - helper 42736 Redirected: mirrors.20i.com
2026-02-11 20:23:29,915 - aqt.installer - INFO - installer 27036 Finished installation of qtmultimedia-Windows-Windows_10-MSVC2019-Windows-Windows_10-X86_64.7z in 6.82548770
2026-02-11 20:23:29,932 - aqt.helper - DEBUG - helper 27036 Attempt to download checksum at https://download.qt.io/online/qtsdkrepository/windows_x86/desktop/qt5_5152/qt.qt5.5152.win64_msvc2019_64/5.15.2-0-202011130602qttools-Windows-Windows_10-MSVC2019-Windows-Windows_10-X86_64.7z.sha256
2026-02-11 20:23:31,158 - aqt.installer - INFO - installer 42736 Finished installation of qtimageformats-Windows-Windows_10-MSVC2019-Windows-Windows_10-X86_64.7z in 2.68199450
2026-02-11 20:23:31,172 - aqt.helper - DEBUG - helper 42736 Attempt to download checksum at https://download.qt.io/online/qtsdkrepository/windows_x86/desktop/qt5_5152/qt.qt5.5152.win64_msvc2019_64/5.15.2-0-202011130602qtsensors-Windows-Windows_10-MSVC2019-Windows-Windows_10-X86_64.7z.sha256
2026-02-11 20:23:31,740 - aqt.helper - INFO - helper 42736 Downloading qtsensors...
2026-02-11 20:23:31,741 - aqt.installer - DEBUG - installer 42736 Download URL: https://download.qt.io/online/qtsdkrepository/windows_x86/desktop/qt5_5152/qt.qt5.5152.win64_msvc2019_64/5.15.2-0-202011130602qtsensors-Windows-Windows_10-MSVC2019-Windows-Windows_10-X86_64.7z
2026-02-11 20:23:31,962 - aqt.helper - INFO - helper 27036 Downloading qttools...
2026-02-11 20:23:31,962 - aqt.installer - DEBUG - installer 27036 Download URL: https://download.qt.io/online/qtsdkrepository/windows_x86/desktop/qt5_5152/qt.qt5.5152.win64_msvc2019_64/5.15.2-0-202011130602qttools-Windows-Windows_10-MSVC2019-Windows-Windows_10-X86_64.7z
2026-02-11 20:23:32,413 - aqt.helper - DEBUG - helper 42736 Asked to redirect(302) to: https://mirrors.20i.com/pub/qt.io/online/qtsdkrepository/windows_x86/desktop/qt5_5152/qt.qt5.5152.win64_msvc2019_64/5.15.2-0-202011130602qtsensors-Windows-Windows_10-MSVC2019-Windows-Windows_10-X86_64.7z
2026-02-11 20:23:32,413 - aqt.helper - INFO - helper 42736 Redirected: mirrors.20i.com
2026-02-11 20:23:32,695 - aqt.helper - DEBUG - helper 27036 Asked to redirect(302) to: https://mirrors.20i.com/pub/qt.io/online/qtsdkrepository/windows_x86/desktop/qt5_5152/qt.qt5.5152.win64_msvc2019_64/5.15.2-0-202011130602qttools-Windows-Windows_10-MSVC2019-Windows-Windows_10-X86_64.7z
2026-02-11 20:23:32,695 - aqt.helper - INFO - helper 27036 Redirected: mirrors.20i.com
2026-02-11 20:23:33,558 - aqt.installer - INFO - installer 42736 Finished installation of qtsensors-Windows-Windows_10-MSVC2019-Windows-Windows_10-X86_64.7z in 2.38881060
2026-02-11 20:23:33,570 - aqt.helper - DEBUG - helper 42736 Attempt to download checksum at https://download.qt.io/online/qtsdkrepository/windows_x86/desktop/qt5_5152/qt.qt5.5152.win64_msvc2019_64/5.15.2-0-202011130602qtwebsockets-Windows-Windows_10-MSVC2019-Windows-Windows_10-X86_64.7z.sha256
2026-02-11 20:23:34,156 - aqt.helper - INFO - helper 42736 Downloading qtwebsockets...
2026-02-11 20:23:34,156 - aqt.installer - DEBUG - installer 42736 Download URL: https://download.qt.io/online/qtsdkrepository/windows_x86/desktop/qt5_5152/qt.qt5.5152.win64_msvc2019_64/5.15.2-0-202011130602qtwebsockets-Windows-Windows_10-MSVC2019-Windows-Windows_10-X86_64.7z
2026-02-11 20:23:34,741 - aqt.helper - DEBUG - helper 42736 Asked to redirect(302) to: https://mirrors.20i.com/pub/qt.io/online/qtsdkrepository/windows_x86/desktop/qt5_5152/qt.qt5.5152.win64_msvc2019_64/5.15.2-0-202011130602qtwebsockets-Windows-Windows_10-MSVC2019-Windows-Windows_10-X86_64.7z
2026-02-11 20:23:34,742 - aqt.helper - INFO - helper 42736 Redirected: mirrors.20i.com
2026-02-11 20:23:36,014 - aqt.installer - INFO - installer 4444 Finished installation of qtdeclarative-Windows-Windows_10-MSVC2019-Windows-Windows_10-X86_64.7z in 14.32332000
2026-02-11 20:23:36,030 - aqt.helper - DEBUG - helper 4444 Attempt to download checksum at https://download.qt.io/online/qtsdkrepository/windows_x86/desktop/qt5_5152/qt.qt5.5152.win64_msvc2019_64/5.15.2-0-202011130602qtwebchannel-Windows-Windows_10-MSVC2019-Windows-Windows_10-X86_64.7z.sha256
2026-02-11 20:23:36,557 - aqt.installer - INFO - installer 42736 Finished installation of qtwebsockets-Windows-Windows_10-MSVC2019-Windows-Windows_10-X86_64.7z in 2.99080180
2026-02-11 20:23:36,569 - aqt.helper - DEBUG - helper 42736 Attempt to download checksum at https://download.qt.io/online/qtsdkrepository/windows_x86/desktop/qt5_5152/qt.qt5.5152.win64_msvc2019_64/5.15.2-0-202011130602qtserialport-Windows-Windows_10-MSVC2019-Windows-Windows_10-X86_64.7z.sha256
2026-02-11 20:23:36,618 - aqt.helper - INFO - helper 4444 Downloading qtwebchannel...
2026-02-11 20:23:36,619 - aqt.installer - DEBUG - installer 4444 Download URL: https://download.qt.io/online/qtsdkrepository/windows_x86/desktop/qt5_5152/qt.qt5.5152.win64_msvc2019_64/5.15.2-0-202011130602qtwebchannel-Windows-Windows_10-MSVC2019-Windows-Windows_10-X86_64.7z
2026-02-11 20:23:37,246 - aqt.helper - INFO - helper 42736 Downloading qtserialport...
2026-02-11 20:23:37,247 - aqt.installer - DEBUG - installer 42736 Download URL: https://download.qt.io/online/qtsdkrepository/windows_x86/desktop/qt5_5152/qt.qt5.5152.win64_msvc2019_64/5.15.2-0-202011130602qtserialport-Windows-Windows_10-MSVC2019-Windows-Windows_10-X86_64.7z
2026-02-11 20:23:37,308 - aqt.helper - DEBUG - helper 4444 Asked to redirect(302) to: https://mirrors.20i.com/pub/qt.io/online/qtsdkrepository/windows_x86/desktop/qt5_5152/qt.qt5.5152.win64_msvc2019_64/5.15.2-0-202011130602qtwebchannel-Windows-Windows_10-MSVC2019-Windows-Windows_10-X86_64.7z
2026-02-11 20:23:37,309 - aqt.helper - INFO - helper 4444 Redirected: mirrors.20i.com
2026-02-11 20:23:37,966 - aqt.helper - DEBUG - helper 42736 Asked to redirect(302) to: https://mirrors.20i.com/pub/qt.io/online/qtsdkrepository/windows_x86/desktop/qt5_5152/qt.qt5.5152.win64_msvc2019_64/5.15.2-0-202011130602qtserialport-Windows-Windows_10-MSVC2019-Windows-Windows_10-X86_64.7z
2026-02-11 20:23:37,966 - aqt.helper - INFO - helper 42736 Redirected: mirrors.20i.com
2026-02-11 20:23:38,139 - aqt.installer - INFO - installer 4444 Finished installation of qtwebchannel-Windows-Windows_10-MSVC2019-Windows-Windows_10-X86_64.7z in 2.11251290
2026-02-11 20:23:38,149 - aqt.helper - DEBUG - helper 4444 Attempt to download checksum at https://download.qt.io/online/qtsdkrepository/windows_x86/desktop/qt5_5152/qt.qt5.5152.win64_msvc2019_64/5.15.2-0-202011130602qtlocation-Windows-Windows_10-MSVC2019-Windows-Windows_10-X86_64.7z.sha256
2026-02-11 20:23:38,705 - aqt.installer - INFO - installer 42736 Finished installation of qtserialport-Windows-Windows_10-MSVC2019-Windows-Windows_10-X86_64.7z in 2.13879830
2026-02-11 20:23:38,715 - aqt.helper - DEBUG - helper 42736 Attempt to download checksum at https://download.qt.io/online/qtsdkrepository/windows_x86/desktop/qt5_5152/qt.qt5.5152.win64_msvc2019_64/5.15.2-0-202011130602qtquickcontrols-Windows-Windows_10-MSVC2019-Windows-Windows_10-X86_64.7z.sha256
2026-02-11 20:23:38,815 - aqt.helper - INFO - helper 4444 Downloading qtlocation...
2026-02-11 20:23:38,815 - aqt.installer - DEBUG - installer 4444 Download URL: https://download.qt.io/online/qtsdkrepository/windows_x86/desktop/qt5_5152/qt.qt5.5152.win64_msvc2019_64/5.15.2-0-202011130602qtlocation-Windows-Windows_10-MSVC2019-Windows-Windows_10-X86_64.7z
2026-02-11 20:23:39,380 - aqt.helper - INFO - helper 42736 Downloading qtquickcontrols...
2026-02-11 20:23:39,380 - aqt.installer - DEBUG - installer 42736 Download URL: https://download.qt.io/online/qtsdkrepository/windows_x86/desktop/qt5_5152/qt.qt5.5152.win64_msvc2019_64/5.15.2-0-202011130602qtquickcontrols-Windows-Windows_10-MSVC2019-Windows-Windows_10-X86_64.7z
2026-02-11 20:23:39,472 - aqt.helper - DEBUG - helper 4444 Asked to redirect(302) to: https://mirrors.20i.com/pub/qt.io/online/qtsdkrepository/windows_x86/desktop/qt5_5152/qt.qt5.5152.win64_msvc2019_64/5.15.2-0-202011130602qtlocation-Windows-Windows_10-MSVC2019-Windows-Windows_10-X86_64.7z
2026-02-11 20:23:39,473 - aqt.helper - INFO - helper 4444 Redirected: mirrors.20i.com
2026-02-11 20:23:40,075 - aqt.helper - DEBUG - helper 42736 Asked to redirect(302) to: https://mirrors.20i.com/pub/qt.io/online/qtsdkrepository/windows_x86/desktop/qt5_5152/qt.qt5.5152.win64_msvc2019_64/5.15.2-0-202011130602qtquickcontrols-Windows-Windows_10-MSVC2019-Windows-Windows_10-X86_64.7z
2026-02-11 20:23:40,076 - aqt.helper - INFO - helper 42736 Redirected: mirrors.20i.com
2026-02-11 20:23:42,349 - aqt.installer - INFO - installer 42736 Finished installation of qtquickcontrols-Windows-Windows_10-MSVC2019-Windows-Windows_10-X86_64.7z in 3.63675660
2026-02-11 20:23:42,855 - aqt.installer - INFO - installer 4444 Finished installation of qtlocation-Windows-Windows_10-MSVC2019-Windows-Windows_10-X86_64.7z in 4.70833690
2026-02-11 20:23:42,871 - aqt.helper - DEBUG - helper 4444 Attempt to download checksum at https://download.qt.io/online/qtsdkrepository/windows_x86/desktop/qt5_5152/qt.qt5.5152.win64_msvc2019_64/5.15.2-0-202011130602qtquickcontrols2-Windows-Windows_10-MSVC2019-Windows-Windows_10-X86_64.7z.sha256
2026-02-11 20:23:43,127 - aqt.helper - DEBUG - helper 41856 Attempt to download checksum at https://download.qt.io/online/qtsdkrepository/windows_x86/desktop/qt5_5152/qt.qt5.5152.win64_msvc2019_64/5.15.2-0-202011130602qtwebview-Windows-Windows_10-MSVC2019-Windows-Windows_10-X86_64.7z.sha256
2026-02-11 20:23:43,432 - aqt.installer - INFO - installer 2244 Finished installation of qtbase-Windows-Windows_10-MSVC2019-Windows-Windows_10-X86_64.7z in 24.30439740
2026-02-11 20:23:43,454 - aqt.helper - DEBUG - helper 2244 Attempt to download checksum at https://download.qt.io/online/qtsdkrepository/windows_x86/desktop/qt5_5152/qt.qt5.5152.win64_msvc2019_64/5.15.2-0-202011130602qtconnectivity-Windows-Windows_10-MSVC2019-Windows-Windows_10-X86_64.7z.sha256
2026-02-11 20:23:43,519 - aqt.helper - INFO - helper 4444 Downloading qtquickcontrols2...
2026-02-11 20:23:43,519 - aqt.installer - DEBUG - installer 4444 Download URL: https://download.qt.io/online/qtsdkrepository/windows_x86/desktop/qt5_5152/qt.qt5.5152.win64_msvc2019_64/5.15.2-0-202011130602qtquickcontrols2-Windows-Windows_10-MSVC2019-Windows-Windows_10-X86_64.7z
2026-02-11 20:23:43,890 - aqt.helper - INFO - helper 41856 Downloading qtwebview...
2026-02-11 20:23:43,891 - aqt.installer - DEBUG - installer 41856 Download URL: https://download.qt.io/online/qtsdkrepository/windows_x86/desktop/qt5_5152/qt.qt5.5152.win64_msvc2019_64/5.15.2-0-202011130602qtwebview-Windows-Windows_10-MSVC2019-Windows-Windows_10-X86_64.7z
2026-02-11 20:23:44,270 - aqt.helper - INFO - helper 2244 Downloading qtconnectivity...
2026-02-11 20:23:44,271 - aqt.installer - DEBUG - installer 2244 Download URL: https://download.qt.io/online/qtsdkrepository/windows_x86/desktop/qt5_5152/qt.qt5.5152.win64_msvc2019_64/5.15.2-0-202011130602qtconnectivity-Windows-Windows_10-MSVC2019-Windows-Windows_10-X86_64.7z
2026-02-11 20:23:44,422 - aqt.helper - DEBUG - helper 4444 Asked to redirect(302) to: https://mirrors.20i.com/pub/qt.io/online/qtsdkrepository/windows_x86/desktop/qt5_5152/qt.qt5.5152.win64_msvc2019_64/5.15.2-0-202011130602qtquickcontrols2-Windows-Windows_10-MSVC2019-Windows-Windows_10-X86_64.7z
2026-02-11 20:23:44,423 - aqt.helper - INFO - helper 4444 Redirected: mirrors.20i.com
2026-02-11 20:23:44,475 - aqt.installer - INFO - installer 27036 Finished installation of qttools-Windows-Windows_10-MSVC2019-Windows-Windows_10-X86_64.7z in 14.54686140
2026-02-11 20:23:44,493 - aqt.helper - DEBUG - helper 27036 Attempt to download checksum at https://download.qt.io/online/qtsdkrepository/windows_x86/desktop/qt5_5152/qt.qt5.5152.win64_msvc2019_64/5.15.2-0-202011130602qtxmlpatterns-Windows-Windows_10-MSVC2019-Windows-Windows_10-X86_64.7z.sha256
2026-02-11 20:23:44,542 - aqt.helper - DEBUG - helper 41856 Asked to redirect(302) to: https://mirrors.20i.com/pub/qt.io/online/qtsdkrepository/windows_x86/desktop/qt5_5152/qt.qt5.5152.win64_msvc2019_64/5.15.2-0-202011130602qtwebview-Windows-Windows_10-MSVC2019-Windows-Windows_10-X86_64.7z
2026-02-11 20:23:44,543 - aqt.helper - INFO - helper 41856 Redirected: mirrors.20i.com
2026-02-11 20:23:45,130 - aqt.helper - DEBUG - helper 2244 Asked to redirect(302) to: https://mirrors.20i.com/pub/qt.io/online/qtsdkrepository/windows_x86/desktop/qt5_5152/qt.qt5.5152.win64_msvc2019_64/5.15.2-0-202011130602qtconnectivity-Windows-Windows_10-MSVC2019-Windows-Windows_10-X86_64.7z
2026-02-11 20:23:45,130 - aqt.helper - INFO - helper 2244 Redirected: mirrors.20i.com
2026-02-11 20:23:45,300 - aqt.helper - INFO - helper 27036 Downloading qtxmlpatterns...
2026-02-11 20:23:45,300 - aqt.installer - DEBUG - installer 27036 Download URL: https://download.qt.io/online/qtsdkrepository/windows_x86/desktop/qt5_5152/qt.qt5.5152.win64_msvc2019_64/5.15.2-0-202011130602qtxmlpatterns-Windows-Windows_10-MSVC2019-Windows-Windows_10-X86_64.7z
2026-02-11 20:23:45,469 - aqt.installer - INFO - installer 41856 Finished installation of qtwebview-Windows-Windows_10-MSVC2019-Windows-Windows_10-X86_64.7z in 2.34492880
2026-02-11 20:23:45,480 - aqt.helper - DEBUG - helper 41856 Attempt to download checksum at https://download.qt.io/online/qtsdkrepository/windows_x86/desktop/qt5_5152/qt.qt5.5152.win64_msvc2019_64/5.15.2-0-202011130602qtserialbus-Windows-Windows_10-MSVC2019-Windows-Windows_10-X86_64.7z.sha256
2026-02-11 20:23:45,992 - aqt.helper - DEBUG - helper 27036 Asked to redirect(302) to: https://mirrors.20i.com/pub/qt.io/online/qtsdkrepository/windows_x86/desktop/qt5_5152/qt.qt5.5152.win64_msvc2019_64/5.15.2-0-202011130602qtxmlpatterns-Windows-Windows_10-MSVC2019-Windows-Windows_10-X86_64.7z
2026-02-11 20:23:45,992 - aqt.helper - INFO - helper 27036 Redirected: mirrors.20i.com
2026-02-11 20:23:46,124 - aqt.helper - INFO - helper 41856 Downloading qtserialbus...
2026-02-11 20:23:46,124 - aqt.installer - DEBUG - installer 41856 Download URL: https://download.qt.io/online/qtsdkrepository/windows_x86/desktop/qt5_5152/qt.qt5.5152.win64_msvc2019_64/5.15.2-0-202011130602qtserialbus-Windows-Windows_10-MSVC2019-Windows-Windows_10-X86_64.7z
2026-02-11 20:23:46,340 - aqt.installer - INFO - installer 2244 Finished installation of qtconnectivity-Windows-Windows_10-MSVC2019-Windows-Windows_10-X86_64.7z in 2.89061760
2026-02-11 20:23:46,354 - aqt.helper - DEBUG - helper 2244 Attempt to download checksum at https://download.qt.io/online/qtsdkrepository/windows_x86/desktop/qt5_5152/qt.qt5.5152.win64_msvc2019_64/5.15.2-0-202011130602qtscxml-Windows-Windows_10-MSVC2019-Windows-Windows_10-X86_64.7z.sha256
2026-02-11 20:23:46,529 - aqt.installer - INFO - installer 4444 Finished installation of qtquickcontrols2-Windows-Windows_10-MSVC2019-Windows-Windows_10-X86_64.7z in 3.66325910
2026-02-11 20:23:46,542 - aqt.helper - DEBUG - helper 4444 Attempt to download checksum at https://download.qt.io/online/qtsdkrepository/windows_x86/desktop/qt5_5152/qt.qt5.5152.win64_msvc2019_64/5.15.2-0-202011130602qt3d-Windows-Windows_10-MSVC2019-Windows-Windows_10-X86_64.7z.sha256
2026-02-11 20:23:46,864 - aqt.helper - DEBUG - helper 41856 Asked to redirect(302) to: https://mirrors.20i.com/pub/qt.io/online/qtsdkrepository/windows_x86/desktop/qt5_5152/qt.qt5.5152.win64_msvc2019_64/5.15.2-0-202011130602qtserialbus-Windows-Windows_10-MSVC2019-Windows-Windows_10-X86_64.7z
2026-02-11 20:23:46,864 - aqt.helper - INFO - helper 41856 Redirected: mirrors.20i.com
2026-02-11 20:23:47,071 - aqt.helper - INFO - helper 2244 Downloading qtscxml...
2026-02-11 20:23:47,071 - aqt.installer - DEBUG - installer 2244 Download URL: https://download.qt.io/online/qtsdkrepository/windows_x86/desktop/qt5_5152/qt.qt5.5152.win64_msvc2019_64/5.15.2-0-202011130602qtscxml-Windows-Windows_10-MSVC2019-Windows-Windows_10-X86_64.7z
2026-02-11 20:23:47,226 - aqt.helper - INFO - helper 4444 Downloading qt3d...
2026-02-11 20:23:47,227 - aqt.installer - DEBUG - installer 4444 Download URL: https://download.qt.io/online/qtsdkrepository/windows_x86/desktop/qt5_5152/qt.qt5.5152.win64_msvc2019_64/5.15.2-0-202011130602qt3d-Windows-Windows_10-MSVC2019-Windows-Windows_10-X86_64.7z
2026-02-11 20:23:47,748 - aqt.helper - DEBUG - helper 2244 Asked to redirect(302) to: https://mirrors.20i.com/pub/qt.io/online/qtsdkrepository/windows_x86/desktop/qt5_5152/qt.qt5.5152.win64_msvc2019_64/5.15.2-0-202011130602qtscxml-Windows-Windows_10-MSVC2019-Windows-Windows_10-X86_64.7z
2026-02-11 20:23:47,748 - aqt.helper - INFO - helper 2244 Redirected: mirrors.20i.com
2026-02-11 20:23:47,811 - aqt.installer - INFO - installer 27036 Finished installation of qtxmlpatterns-Windows-Windows_10-MSVC2019-Windows-Windows_10-X86_64.7z in 3.32210510
2026-02-11 20:23:47,816 - aqt.installer - INFO - installer 41856 Finished installation of qtserialbus-Windows-Windows_10-MSVC2019-Windows-Windows_10-X86_64.7z in 2.33925780
2026-02-11 20:23:47,831 - aqt.helper - DEBUG - helper 27036 Attempt to download checksum at https://download.qt.io/online/qtsdkrepository/windows_x86/desktop/qt5_5152/qt.qt5.5152.win64_msvc2019_64/5.15.2-0-202011130602qtspeech-Windows-Windows_10-MSVC2019-Windows-Windows_10-X86_64.7z.sha256
2026-02-11 20:23:47,838 - aqt.helper - DEBUG - helper 41856 Attempt to download checksum at https://download.qt.io/online/qtsdkrepository/windows_x86/desktop/qt5_5152/qt.qt5.5152.win64_msvc2019_64/5.15.2-0-202011130602d3dcompiler_47-x64.7z.sha256
2026-02-11 20:23:47,983 - aqt.helper - DEBUG - helper 4444 Asked to redirect(302) to: https://mirrors.20i.com/pub/qt.io/online/qtsdkrepository/windows_x86/desktop/qt5_5152/qt.qt5.5152.win64_msvc2019_64/5.15.2-0-202011130602qt3d-Windows-Windows_10-MSVC2019-Windows-Windows_10-X86_64.7z
2026-02-11 20:23:47,983 - aqt.helper - INFO - helper 4444 Redirected: mirrors.20i.com
2026-02-11 20:23:48,651 - aqt.helper - INFO - helper 27036 Downloading qtspeech...
2026-02-11 20:23:48,651 - aqt.installer - DEBUG - installer 27036 Download URL: https://download.qt.io/online/qtsdkrepository/windows_x86/desktop/qt5_5152/qt.qt5.5152.win64_msvc2019_64/5.15.2-0-202011130602qtspeech-Windows-Windows_10-MSVC2019-Windows-Windows_10-X86_64.7z
2026-02-11 20:23:48,669 - aqt.helper - INFO - helper 41856 Downloading d3dcompiler_47...
2026-02-11 20:23:48,670 - aqt.installer - DEBUG - installer 41856 Download URL: https://download.qt.io/online/qtsdkrepository/windows_x86/desktop/qt5_5152/qt.qt5.5152.win64_msvc2019_64/5.15.2-0-202011130602d3dcompiler_47-x64.7z
2026-02-11 20:23:48,804 - aqt.installer - INFO - installer 2244 Finished installation of qtscxml-Windows-Windows_10-MSVC2019-Windows-Windows_10-X86_64.7z in 2.45412520
2026-02-11 20:23:48,815 - aqt.helper - DEBUG - helper 2244 Attempt to download checksum at https://download.qt.io/online/qtsdkrepository/windows_x86/desktop/qt5_5152/qt.qt5.5152.win64_msvc2019_64/5.15.2-0-202011130602qtgamepad-Windows-Windows_10-MSVC2019-Windows-Windows_10-X86_64.7z.sha256
2026-02-11 20:23:49,323 - aqt.helper - DEBUG - helper 27036 Asked to redirect(302) to: https://mirrors.20i.com/pub/qt.io/online/qtsdkrepository/windows_x86/desktop/qt5_5152/qt.qt5.5152.win64_msvc2019_64/5.15.2-0-202011130602qtspeech-Windows-Windows_10-MSVC2019-Windows-Windows_10-X86_64.7z
2026-02-11 20:23:49,323 - aqt.helper - INFO - helper 27036 Redirected: mirrors.20i.com
2026-02-11 20:23:49,356 - aqt.helper - DEBUG - helper 41856 Asked to redirect(302) to: https://mirrors.20i.com/pub/qt.io/online/qtsdkrepository/windows_x86/desktop/qt5_5152/qt.qt5.5152.win64_msvc2019_64/5.15.2-0-202011130602d3dcompiler_47-x64.7z
2026-02-11 20:23:49,356 - aqt.helper - INFO - helper 41856 Redirected: mirrors.20i.com
2026-02-11 20:23:49,476 - aqt.helper - INFO - helper 2244 Downloading qtgamepad...
2026-02-11 20:23:49,476 - aqt.installer - DEBUG - installer 2244 Download URL: https://download.qt.io/online/qtsdkrepository/windows_x86/desktop/qt5_5152/qt.qt5.5152.win64_msvc2019_64/5.15.2-0-202011130602qtgamepad-Windows-Windows_10-MSVC2019-Windows-Windows_10-X86_64.7z
2026-02-11 20:23:50,196 - aqt.helper - DEBUG - helper 2244 Asked to redirect(302) to: https://mirrors.20i.com/pub/qt.io/online/qtsdkrepository/windows_x86/desktop/qt5_5152/qt.qt5.5152.win64_msvc2019_64/5.15.2-0-202011130602qtgamepad-Windows-Windows_10-MSVC2019-Windows-Windows_10-X86_64.7z
2026-02-11 20:23:50,196 - aqt.helper - INFO - helper 2244 Redirected: mirrors.20i.com
2026-02-11 20:23:50,348 - aqt.installer - INFO - installer 27036 Finished installation of qtspeech-Windows-Windows_10-MSVC2019-Windows-Windows_10-X86_64.7z in 2.51975440
2026-02-11 20:23:50,359 - aqt.helper - DEBUG - helper 27036 Attempt to download checksum at https://download.qt.io/online/qtsdkrepository/windows_x86/desktop/qt5_5152/qt.qt5.5152.win64_msvc2019_64/5.15.2-0-202011130602qtremoteobjects-Windows-Windows_10-MSVC2019-Windows-Windows_10-X86_64.7z.sha256
2026-02-11 20:23:50,857 - aqt.installer - INFO - installer 41856 Finished installation of d3dcompiler_47-x64.7z in 3.02529020
2026-02-11 20:23:50,882 - aqt.helper - DEBUG - helper 41856 Attempt to download checksum at https://download.qt.io/online/qtsdkrepository/windows_x86/desktop/qt5_5152/qt.qt5.5152.win64_msvc2019_64/5.15.2-0-202011130602opengl32sw-64-mesa_12_0_rc2.7z.sha256
2026-02-11 20:23:51,076 - aqt.installer - INFO - installer 2244 Finished installation of qtgamepad-Windows-Windows_10-MSVC2019-Windows-Windows_10-X86_64.7z in 2.26337000
2026-02-11 20:23:51,204 - aqt.helper - INFO - helper 27036 Downloading qtremoteobjects...
2026-02-11 20:23:51,204 - aqt.installer - DEBUG - installer 27036 Download URL: https://download.qt.io/online/qtsdkrepository/windows_x86/desktop/qt5_5152/qt.qt5.5152.win64_msvc2019_64/5.15.2-0-202011130602qtremoteobjects-Windows-Windows_10-MSVC2019-Windows-Windows_10-X86_64.7z
2026-02-11 20:23:51,765 - aqt.helper - INFO - helper 41856 Downloading opengl32sw...
2026-02-11 20:23:51,766 - aqt.installer - DEBUG - installer 41856 Download URL: https://download.qt.io/online/qtsdkrepository/windows_x86/desktop/qt5_5152/qt.qt5.5152.win64_msvc2019_64/5.15.2-0-202011130602opengl32sw-64-mesa_12_0_rc2.7z
2026-02-11 20:23:51,997 - aqt.helper - DEBUG - helper 27036 Asked to redirect(302) to: https://mirrors.20i.com/pub/qt.io/online/qtsdkrepository/windows_x86/desktop/qt5_5152/qt.qt5.5152.win64_msvc2019_64/5.15.2-0-202011130602qtremoteobjects-Windows-Windows_10-MSVC2019-Windows-Windows_10-X86_64.7z
2026-02-11 20:23:51,997 - aqt.helper - INFO - helper 27036 Redirected: mirrors.20i.com
2026-02-11 20:23:52,456 - aqt.installer - INFO - installer 4444 Finished installation of qt3d-Windows-Windows_10-MSVC2019-Windows-Windows_10-X86_64.7z in 5.91609120
2026-02-11 20:23:52,543 - aqt.helper - DEBUG - helper 41856 Asked to redirect(302) to: https://mirrors.20i.com/pub/qt.io/online/qtsdkrepository/windows_x86/desktop/qt5_5152/qt.qt5.5152.win64_msvc2019_64/5.15.2-0-202011130602opengl32sw-64-mesa_12_0_rc2.7z
2026-02-11 20:23:52,543 - aqt.helper - INFO - helper 41856 Redirected: mirrors.20i.com
2026-02-11 20:23:53,154 - aqt.installer - INFO - installer 27036 Finished installation of qtremoteobjects-Windows-Windows_10-MSVC2019-Windows-Windows_10-X86_64.7z in 2.79839360
2026-02-11 20:23:55,352 - aqt.installer - INFO - installer 41856 Finished installation of opengl32sw-64-mesa_12_0_rc2.7z in 4.47818570
2026-02-11 20:23:55,581 - aqt.updater - INFO - updater 29424 Patching C:\Qt\5.15.2\msvc2019_64\bin\qmake.exe
2026-02-11 20:23:55,594 - aqt.updater - INFO - updater 29424 Patching C:\Qt\5.15.2\msvc2019_64\lib\libEGL.prl
2026-02-11 20:23:55,608 - aqt.updater - INFO - updater 29424 Patching C:\Qt\5.15.2\msvc2019_64\lib\libEGLd.prl
2026-02-11 20:23:55,620 - aqt.updater - INFO - updater 29424 Patching C:\Qt\5.15.2\msvc2019_64\lib\libGLESv2.prl
2026-02-11 20:23:55,634 - aqt.updater - INFO - updater 29424 Patching C:\Qt\5.15.2\msvc2019_64\lib\libGLESv2d.prl
2026-02-11 20:23:55,649 - aqt.updater - INFO - updater 29424 Patching C:\Qt\5.15.2\msvc2019_64\lib\Qt53DAnimation.prl
2026-02-11 20:23:55,661 - aqt.updater - INFO - updater 29424 Patching C:\Qt\5.15.2\msvc2019_64\lib\Qt53DAnimationd.prl
2026-02-11 20:23:55,673 - aqt.updater - INFO - updater 29424 Patching C:\Qt\5.15.2\msvc2019_64\lib\Qt53DCore.prl
2026-02-11 20:23:55,685 - aqt.updater - INFO - updater 29424 Patching C:\Qt\5.15.2\msvc2019_64\lib\Qt53DCored.prl
2026-02-11 20:23:55,705 - aqt.updater - INFO - updater 29424 Patching C:\Qt\5.15.2\msvc2019_64\lib\Qt53DExtras.prl
2026-02-11 20:23:55,721 - aqt.updater - INFO - updater 29424 Patching C:\Qt\5.15.2\msvc2019_64\lib\Qt53DExtrasd.prl
2026-02-11 20:23:55,739 - aqt.updater - INFO - updater 29424 Patching C:\Qt\5.15.2\msvc2019_64\lib\Qt53DInput.prl
2026-02-11 20:23:55,757 - aqt.updater - INFO - updater 29424 Patching C:\Qt\5.15.2\msvc2019_64\lib\Qt53DInputd.prl
2026-02-11 20:23:55,776 - aqt.updater - INFO - updater 29424 Patching C:\Qt\5.15.2\msvc2019_64\lib\Qt53DLogic.prl
2026-02-11 20:23:55,793 - aqt.updater - INFO - updater 29424 Patching C:\Qt\5.15.2\msvc2019_64\lib\Qt53DLogicd.prl
2026-02-11 20:23:55,810 - aqt.updater - INFO - updater 29424 Patching C:\Qt\5.15.2\msvc2019_64\lib\Qt53DQuick.prl
2026-02-11 20:23:55,828 - aqt.updater - INFO - updater 29424 Patching C:\Qt\5.15.2\msvc2019_64\lib\Qt53DQuickAnimation.prl
2026-02-11 20:23:55,848 - aqt.updater - INFO - updater 29424 Patching C:\Qt\5.15.2\msvc2019_64\lib\Qt53DQuickAnimationd.prl
2026-02-11 20:23:55,866 - aqt.updater - INFO - updater 29424 Patching C:\Qt\5.15.2\msvc2019_64\lib\Qt53DQuickd.prl
2026-02-11 20:23:55,885 - aqt.updater - INFO - updater 29424 Patching C:\Qt\5.15.2\msvc2019_64\lib\Qt53DQuickExtras.prl
2026-02-11 20:23:55,905 - aqt.updater - INFO - updater 29424 Patching C:\Qt\5.15.2\msvc2019_64\lib\Qt53DQuickExtrasd.prl
2026-02-11 20:23:55,921 - aqt.updater - INFO - updater 29424 Patching C:\Qt\5.15.2\msvc2019_64\lib\Qt53DQuickInput.prl
2026-02-11 20:23:55,939 - aqt.updater - INFO - updater 29424 Patching C:\Qt\5.15.2\msvc2019_64\lib\Qt53DQuickInputd.prl
2026-02-11 20:23:55,956 - aqt.updater - INFO - updater 29424 Patching C:\Qt\5.15.2\msvc2019_64\lib\Qt53DQuickRender.prl
2026-02-11 20:23:55,975 - aqt.updater - INFO - updater 29424 Patching C:\Qt\5.15.2\msvc2019_64\lib\Qt53DQuickRenderd.prl
2026-02-11 20:23:55,993 - aqt.updater - INFO - updater 29424 Patching C:\Qt\5.15.2\msvc2019_64\lib\Qt53DQuickScene2D.prl
2026-02-11 20:23:56,013 - aqt.updater - INFO - updater 29424 Patching C:\Qt\5.15.2\msvc2019_64\lib\Qt53DQuickScene2Dd.prl
2026-02-11 20:23:56,033 - aqt.updater - INFO - updater 29424 Patching C:\Qt\5.15.2\msvc2019_64\lib\Qt53DRender.prl
2026-02-11 20:23:56,050 - aqt.updater - INFO - updater 29424 Patching C:\Qt\5.15.2\msvc2019_64\lib\Qt53DRenderd.prl
2026-02-11 20:23:56,067 - aqt.updater - INFO - updater 29424 Patching C:\Qt\5.15.2\msvc2019_64\lib\Qt5AccessibilitySupport.prl
2026-02-11 20:23:56,085 - aqt.updater - INFO - updater 29424 Patching C:\Qt\5.15.2\msvc2019_64\lib\Qt5AccessibilitySupportd.prl
2026-02-11 20:23:56,102 - aqt.updater - INFO - updater 29424 Patching C:\Qt\5.15.2\msvc2019_64\lib\Qt5AxBase.prl
2026-02-11 20:23:56,118 - aqt.updater - INFO - updater 29424 Patching C:\Qt\5.15.2\msvc2019_64\lib\Qt5AxBased.prl
2026-02-11 20:23:56,136 - aqt.updater - INFO - updater 29424 Patching C:\Qt\5.15.2\msvc2019_64\lib\Qt5AxContainer.prl
2026-02-11 20:23:56,151 - aqt.updater - INFO - updater 29424 Patching C:\Qt\5.15.2\msvc2019_64\lib\Qt5AxContainerd.prl
2026-02-11 20:23:56,167 - aqt.updater - INFO - updater 29424 Patching C:\Qt\5.15.2\msvc2019_64\lib\Qt5AxServer.prl
2026-02-11 20:23:56,184 - aqt.updater - INFO - updater 29424 Patching C:\Qt\5.15.2\msvc2019_64\lib\Qt5AxServerd.prl
2026-02-11 20:23:56,201 - aqt.updater - INFO - updater 29424 Patching C:\Qt\5.15.2\msvc2019_64\lib\Qt5Bluetooth.prl
2026-02-11 20:23:56,219 - aqt.updater - INFO - updater 29424 Patching C:\Qt\5.15.2\msvc2019_64\lib\Qt5Bluetoothd.prl
2026-02-11 20:23:56,235 - aqt.updater - INFO - updater 29424 Patching C:\Qt\5.15.2\msvc2019_64\lib\Qt5Bootstrap.prl
2026-02-11 20:23:56,252 - aqt.updater - INFO - updater 29424 Patching C:\Qt\5.15.2\msvc2019_64\lib\Qt5Concurrent.prl
2026-02-11 20:23:56,268 - aqt.updater - INFO - updater 29424 Patching C:\Qt\5.15.2\msvc2019_64\lib\Qt5Concurrentd.prl
2026-02-11 20:23:56,285 - aqt.updater - INFO - updater 29424 Patching C:\Qt\5.15.2\msvc2019_64\lib\Qt5Core.prl
2026-02-11 20:23:56,303 - aqt.updater - INFO - updater 29424 Patching C:\Qt\5.15.2\msvc2019_64\lib\Qt5Cored.prl
2026-02-11 20:23:56,322 - aqt.updater - INFO - updater 29424 Patching C:\Qt\5.15.2\msvc2019_64\lib\Qt5DBus.prl
2026-02-11 20:23:56,339 - aqt.updater - INFO - updater 29424 Patching C:\Qt\5.15.2\msvc2019_64\lib\Qt5DBusd.prl
2026-02-11 20:23:56,355 - aqt.updater - INFO - updater 29424 Patching C:\Qt\5.15.2\msvc2019_64\lib\Qt5Designer.prl
2026-02-11 20:23:56,372 - aqt.updater - INFO - updater 29424 Patching C:\Qt\5.15.2\msvc2019_64\lib\Qt5DesignerComponents.prl
2026-02-11 20:23:56,389 - aqt.updater - INFO - updater 29424 Patching C:\Qt\5.15.2\msvc2019_64\lib\Qt5DesignerComponentsd.prl
2026-02-11 20:23:56,404 - aqt.updater - INFO - updater 29424 Patching C:\Qt\5.15.2\msvc2019_64\lib\Qt5Designerd.prl
2026-02-11 20:23:56,420 - aqt.updater - INFO - updater 29424 Patching C:\Qt\5.15.2\msvc2019_64\lib\Qt5DeviceDiscoverySupport.prl
2026-02-11 20:23:56,437 - aqt.updater - INFO - updater 29424 Patching C:\Qt\5.15.2\msvc2019_64\lib\Qt5DeviceDiscoverySupportd.prl
2026-02-11 20:23:56,454 - aqt.updater - INFO - updater 29424 Patching C:\Qt\5.15.2\msvc2019_64\lib\Qt5EdidSupport.prl
2026-02-11 20:23:56,471 - aqt.updater - INFO - updater 29424 Patching C:\Qt\5.15.2\msvc2019_64\lib\Qt5EdidSupportd.prl
2026-02-11 20:23:56,488 - aqt.updater - INFO - updater 29424 Patching C:\Qt\5.15.2\msvc2019_64\lib\Qt5EglSupport.prl
2026-02-11 20:23:56,504 - aqt.updater - INFO - updater 29424 Patching C:\Qt\5.15.2\msvc2019_64\lib\Qt5EglSupportd.prl
2026-02-11 20:23:56,520 - aqt.updater - INFO - updater 29424 Patching C:\Qt\5.15.2\msvc2019_64\lib\Qt5EventDispatcherSupport.prl
2026-02-11 20:23:56,537 - aqt.updater - INFO - updater 29424 Patching C:\Qt\5.15.2\msvc2019_64\lib\Qt5EventDispatcherSupportd.prl
2026-02-11 20:23:56,553 - aqt.updater - INFO - updater 29424 Patching C:\Qt\5.15.2\msvc2019_64\lib\Qt5FbSupport.prl
2026-02-11 20:23:56,571 - aqt.updater - INFO - updater 29424 Patching C:\Qt\5.15.2\msvc2019_64\lib\Qt5FbSupportd.prl
2026-02-11 20:23:56,588 - aqt.updater - INFO - updater 29424 Patching C:\Qt\5.15.2\msvc2019_64\lib\Qt5FontDatabaseSupport.prl
2026-02-11 20:23:56,606 - aqt.updater - INFO - updater 29424 Patching C:\Qt\5.15.2\msvc2019_64\lib\Qt5FontDatabaseSupportd.prl
2026-02-11 20:23:56,622 - aqt.updater - INFO - updater 29424 Patching C:\Qt\5.15.2\msvc2019_64\lib\Qt5Gamepad.prl
2026-02-11 20:23:56,638 - aqt.updater - INFO - updater 29424 Patching C:\Qt\5.15.2\msvc2019_64\lib\Qt5Gamepadd.prl
2026-02-11 20:23:56,659 - aqt.updater - INFO - updater 29424 Patching C:\Qt\5.15.2\msvc2019_64\lib\Qt5Gui.prl
2026-02-11 20:23:56,678 - aqt.updater - INFO - updater 29424 Patching C:\Qt\5.15.2\msvc2019_64\lib\Qt5Guid.prl
2026-02-11 20:23:56,697 - aqt.updater - INFO - updater 29424 Patching C:\Qt\5.15.2\msvc2019_64\lib\Qt5Help.prl
2026-02-11 20:23:56,717 - aqt.updater - INFO - updater 29424 Patching C:\Qt\5.15.2\msvc2019_64\lib\Qt5Helpd.prl
2026-02-11 20:23:56,739 - aqt.updater - INFO - updater 29424 Patching C:\Qt\5.15.2\msvc2019_64\lib\Qt5Location.prl
2026-02-11 20:23:56,757 - aqt.updater - INFO - updater 29424 Patching C:\Qt\5.15.2\msvc2019_64\lib\Qt5Locationd.prl
2026-02-11 20:23:56,775 - aqt.updater - INFO - updater 29424 Patching C:\Qt\5.15.2\msvc2019_64\lib\Qt5Multimedia.prl
2026-02-11 20:23:56,792 - aqt.updater - INFO - updater 29424 Patching C:\Qt\5.15.2\msvc2019_64\lib\Qt5Multimediad.prl
2026-02-11 20:23:56,812 - aqt.updater - INFO - updater 29424 Patching C:\Qt\5.15.2\msvc2019_64\lib\Qt5MultimediaQuick.prl
2026-02-11 20:23:56,830 - aqt.updater - INFO - updater 29424 Patching C:\Qt\5.15.2\msvc2019_64\lib\Qt5MultimediaQuickd.prl
2026-02-11 20:23:56,848 - aqt.updater - INFO - updater 29424 Patching C:\Qt\5.15.2\msvc2019_64\lib\Qt5MultimediaWidgets.prl
2026-02-11 20:23:56,865 - aqt.updater - INFO - updater 29424 Patching C:\Qt\5.15.2\msvc2019_64\lib\Qt5MultimediaWidgetsd.prl
2026-02-11 20:23:56,882 - aqt.updater - INFO - updater 29424 Patching C:\Qt\5.15.2\msvc2019_64\lib\Qt5Network.prl
2026-02-11 20:23:56,900 - aqt.updater - INFO - updater 29424 Patching C:\Qt\5.15.2\msvc2019_64\lib\Qt5Networkd.prl
2026-02-11 20:23:56,917 - aqt.updater - INFO - updater 29424 Patching C:\Qt\5.15.2\msvc2019_64\lib\Qt5Nfc.prl
2026-02-11 20:23:56,932 - aqt.updater - INFO - updater 29424 Patching C:\Qt\5.15.2\msvc2019_64\lib\Qt5Nfcd.prl
2026-02-11 20:23:56,948 - aqt.updater - INFO - updater 29424 Patching C:\Qt\5.15.2\msvc2019_64\lib\Qt5OpenGL.prl
2026-02-11 20:23:56,963 - aqt.updater - INFO - updater 29424 Patching C:\Qt\5.15.2\msvc2019_64\lib\Qt5OpenGLd.prl
2026-02-11 20:23:56,978 - aqt.updater - INFO - updater 29424 Patching C:\Qt\5.15.2\msvc2019_64\lib\Qt5OpenGLExtensions.prl
2026-02-11 20:23:56,994 - aqt.updater - INFO - updater 29424 Patching C:\Qt\5.15.2\msvc2019_64\lib\Qt5OpenGLExtensionsd.prl
2026-02-11 20:23:57,016 - aqt.updater - INFO - updater 29424 Patching C:\Qt\5.15.2\msvc2019_64\lib\Qt5PacketProtocol.prl
2026-02-11 20:23:57,027 - aqt.updater - INFO - updater 29424 Patching C:\Qt\5.15.2\msvc2019_64\lib\Qt5PacketProtocold.prl
2026-02-11 20:23:57,042 - aqt.updater - INFO - updater 29424 Patching C:\Qt\5.15.2\msvc2019_64\lib\Qt5PlatformCompositorSupport.prl
2026-02-11 20:23:57,056 - aqt.updater - INFO - updater 29424 Patching C:\Qt\5.15.2\msvc2019_64\lib\Qt5PlatformCompositorSupportd.prl
2026-02-11 20:23:57,072 - aqt.updater - INFO - updater 29424 Patching C:\Qt\5.15.2\msvc2019_64\lib\Qt5Positioning.prl
2026-02-11 20:23:57,086 - aqt.updater - INFO - updater 29424 Patching C:\Qt\5.15.2\msvc2019_64\lib\Qt5Positioningd.prl
2026-02-11 20:23:57,101 - aqt.updater - INFO - updater 29424 Patching C:\Qt\5.15.2\msvc2019_64\lib\Qt5PositioningQuick.prl
2026-02-11 20:23:57,115 - aqt.updater - INFO - updater 29424 Patching C:\Qt\5.15.2\msvc2019_64\lib\Qt5PositioningQuickd.prl
2026-02-11 20:23:57,128 - aqt.updater - INFO - updater 29424 Patching C:\Qt\5.15.2\msvc2019_64\lib\Qt5PrintSupport.prl
2026-02-11 20:23:57,142 - aqt.updater - INFO - updater 29424 Patching C:\Qt\5.15.2\msvc2019_64\lib\Qt5PrintSupportd.prl
2026-02-11 20:23:57,155 - aqt.updater - INFO - updater 29424 Patching C:\Qt\5.15.2\msvc2019_64\lib\Qt5Qml.prl
2026-02-11 20:23:57,170 - aqt.updater - INFO - updater 29424 Patching C:\Qt\5.15.2\msvc2019_64\lib\Qt5Qmld.prl
2026-02-11 20:23:57,182 - aqt.updater - INFO - updater 29424 Patching C:\Qt\5.15.2\msvc2019_64\lib\Qt5QmlDebug.prl
2026-02-11 20:23:57,195 - aqt.updater - INFO - updater 29424 Patching C:\Qt\5.15.2\msvc2019_64\lib\Qt5QmlDebugd.prl
2026-02-11 20:23:57,209 - aqt.updater - INFO - updater 29424 Patching C:\Qt\5.15.2\msvc2019_64\lib\Qt5QmlDevTools.prl
2026-02-11 20:23:57,223 - aqt.updater - INFO - updater 29424 Patching C:\Qt\5.15.2\msvc2019_64\lib\Qt5QmlModels.prl
2026-02-11 20:23:57,238 - aqt.updater - INFO - updater 29424 Patching C:\Qt\5.15.2\msvc2019_64\lib\Qt5QmlModelsd.prl
2026-02-11 20:23:57,251 - aqt.updater - INFO - updater 29424 Patching C:\Qt\5.15.2\msvc2019_64\lib\Qt5QmlWorkerScript.prl
2026-02-11 20:23:57,265 - aqt.updater - INFO - updater 29424 Patching C:\Qt\5.15.2\msvc2019_64\lib\Qt5QmlWorkerScriptd.prl
2026-02-11 20:23:57,279 - aqt.updater - INFO - updater 29424 Patching C:\Qt\5.15.2\msvc2019_64\lib\Qt5Quick.prl
2026-02-11 20:23:57,292 - aqt.updater - INFO - updater 29424 Patching C:\Qt\5.15.2\msvc2019_64\lib\Qt5QuickControls2.prl
2026-02-11 20:23:57,306 - aqt.updater - INFO - updater 29424 Patching C:\Qt\5.15.2\msvc2019_64\lib\Qt5QuickControls2d.prl
2026-02-11 20:23:57,322 - aqt.updater - INFO - updater 29424 Patching C:\Qt\5.15.2\msvc2019_64\lib\Qt5Quickd.prl
2026-02-11 20:23:57,335 - aqt.updater - INFO - updater 29424 Patching C:\Qt\5.15.2\msvc2019_64\lib\Qt5QuickParticles.prl
2026-02-11 20:23:57,349 - aqt.updater - INFO - updater 29424 Patching C:\Qt\5.15.2\msvc2019_64\lib\Qt5QuickParticlesd.prl
2026-02-11 20:23:57,362 - aqt.updater - INFO - updater 29424 Patching C:\Qt\5.15.2\msvc2019_64\lib\Qt5QuickShapes.prl
2026-02-11 20:23:57,375 - aqt.updater - INFO - updater 29424 Patching C:\Qt\5.15.2\msvc2019_64\lib\Qt5QuickShapesd.prl
2026-02-11 20:23:57,388 - aqt.updater - INFO - updater 29424 Patching C:\Qt\5.15.2\msvc2019_64\lib\Qt5QuickTemplates2.prl
2026-02-11 20:23:57,400 - aqt.updater - INFO - updater 29424 Patching C:\Qt\5.15.2\msvc2019_64\lib\Qt5QuickTemplates2d.prl
2026-02-11 20:23:57,415 - aqt.updater - INFO - updater 29424 Patching C:\Qt\5.15.2\msvc2019_64\lib\Qt5QuickTest.prl
2026-02-11 20:23:57,430 - aqt.updater - INFO - updater 29424 Patching C:\Qt\5.15.2\msvc2019_64\lib\Qt5QuickTestd.prl
2026-02-11 20:23:57,444 - aqt.updater - INFO - updater 29424 Patching C:\Qt\5.15.2\msvc2019_64\lib\Qt5QuickWidgets.prl
2026-02-11 20:23:57,456 - aqt.updater - INFO - updater 29424 Patching C:\Qt\5.15.2\msvc2019_64\lib\Qt5QuickWidgetsd.prl
2026-02-11 20:23:57,471 - aqt.updater - INFO - updater 29424 Patching C:\Qt\5.15.2\msvc2019_64\lib\Qt5RemoteObjects.prl
2026-02-11 20:23:57,485 - aqt.updater - INFO - updater 29424 Patching C:\Qt\5.15.2\msvc2019_64\lib\Qt5RemoteObjectsd.prl
2026-02-11 20:23:57,497 - aqt.updater - INFO - updater 29424 Patching C:\Qt\5.15.2\msvc2019_64\lib\Qt5Scxml.prl
2026-02-11 20:23:57,511 - aqt.updater - INFO - updater 29424 Patching C:\Qt\5.15.2\msvc2019_64\lib\Qt5Scxmld.prl
2026-02-11 20:23:57,524 - aqt.updater - INFO - updater 29424 Patching C:\Qt\5.15.2\msvc2019_64\lib\Qt5Sensors.prl
2026-02-11 20:23:57,539 - aqt.updater - INFO - updater 29424 Patching C:\Qt\5.15.2\msvc2019_64\lib\Qt5Sensorsd.prl
2026-02-11 20:23:57,553 - aqt.updater - INFO - updater 29424 Patching C:\Qt\5.15.2\msvc2019_64\lib\Qt5SerialBus.prl
2026-02-11 20:23:57,568 - aqt.updater - INFO - updater 29424 Patching C:\Qt\5.15.2\msvc2019_64\lib\Qt5SerialBusd.prl
2026-02-11 20:23:57,581 - aqt.updater - INFO - updater 29424 Patching C:\Qt\5.15.2\msvc2019_64\lib\Qt5SerialPort.prl
2026-02-11 20:23:57,594 - aqt.updater - INFO - updater 29424 Patching C:\Qt\5.15.2\msvc2019_64\lib\Qt5SerialPortd.prl
2026-02-11 20:23:57,607 - aqt.updater - INFO - updater 29424 Patching C:\Qt\5.15.2\msvc2019_64\lib\Qt5Sql.prl
2026-02-11 20:23:57,618 - aqt.updater - INFO - updater 29424 Patching C:\Qt\5.15.2\msvc2019_64\lib\Qt5Sqld.prl
2026-02-11 20:23:57,630 - aqt.updater - INFO - updater 29424 Patching C:\Qt\5.15.2\msvc2019_64\lib\Qt5Svg.prl
2026-02-11 20:23:57,643 - aqt.updater - INFO - updater 29424 Patching C:\Qt\5.15.2\msvc2019_64\lib\Qt5Svgd.prl
2026-02-11 20:23:57,656 - aqt.updater - INFO - updater 29424 Patching C:\Qt\5.15.2\msvc2019_64\lib\Qt5Test.prl
2026-02-11 20:23:57,668 - aqt.updater - INFO - updater 29424 Patching C:\Qt\5.15.2\msvc2019_64\lib\Qt5Testd.prl
2026-02-11 20:23:57,681 - aqt.updater - INFO - updater 29424 Patching C:\Qt\5.15.2\msvc2019_64\lib\Qt5TextToSpeech.prl
2026-02-11 20:23:57,696 - aqt.updater - INFO - updater 29424 Patching C:\Qt\5.15.2\msvc2019_64\lib\Qt5TextToSpeechd.prl
2026-02-11 20:23:57,710 - aqt.updater - INFO - updater 29424 Patching C:\Qt\5.15.2\msvc2019_64\lib\Qt5ThemeSupport.prl
2026-02-11 20:23:57,724 - aqt.updater - INFO - updater 29424 Patching C:\Qt\5.15.2\msvc2019_64\lib\Qt5ThemeSupportd.prl
2026-02-11 20:23:57,739 - aqt.updater - INFO - updater 29424 Patching C:\Qt\5.15.2\msvc2019_64\lib\Qt5UiTools.prl
2026-02-11 20:23:57,752 - aqt.updater - INFO - updater 29424 Patching C:\Qt\5.15.2\msvc2019_64\lib\Qt5UiToolsd.prl
2026-02-11 20:23:57,764 - aqt.updater - INFO - updater 29424 Patching C:\Qt\5.15.2\msvc2019_64\lib\Qt5VulkanSupport.prl
2026-02-11 20:23:57,778 - aqt.updater - INFO - updater 29424 Patching C:\Qt\5.15.2\msvc2019_64\lib\Qt5VulkanSupportd.prl
2026-02-11 20:23:57,790 - aqt.updater - INFO - updater 29424 Patching C:\Qt\5.15.2\msvc2019_64\lib\Qt5WebChannel.prl
2026-02-11 20:23:57,804 - aqt.updater - INFO - updater 29424 Patching C:\Qt\5.15.2\msvc2019_64\lib\Qt5WebChanneld.prl
2026-02-11 20:23:57,818 - aqt.updater - INFO - updater 29424 Patching C:\Qt\5.15.2\msvc2019_64\lib\Qt5WebSockets.prl
2026-02-11 20:23:57,831 - aqt.updater - INFO - updater 29424 Patching C:\Qt\5.15.2\msvc2019_64\lib\Qt5WebSocketsd.prl
2026-02-11 20:23:57,847 - aqt.updater - INFO - updater 29424 Patching C:\Qt\5.15.2\msvc2019_64\lib\Qt5WebView.prl
2026-02-11 20:23:57,863 - aqt.updater - INFO - updater 29424 Patching C:\Qt\5.15.2\msvc2019_64\lib\Qt5WebViewd.prl
2026-02-11 20:23:57,881 - aqt.updater - INFO - updater 29424 Patching C:\Qt\5.15.2\msvc2019_64\lib\Qt5Widgets.prl
2026-02-11 20:23:57,894 - aqt.updater - INFO - updater 29424 Patching C:\Qt\5.15.2\msvc2019_64\lib\Qt5Widgetsd.prl
2026-02-11 20:23:57,908 - aqt.updater - INFO - updater 29424 Patching C:\Qt\5.15.2\msvc2019_64\lib\Qt5WindowsUIAutomationSupport.prl
2026-02-11 20:23:57,921 - aqt.updater - INFO - updater 29424 Patching C:\Qt\5.15.2\msvc2019_64\lib\Qt5WindowsUIAutomationSupportd.prl
2026-02-11 20:23:57,934 - aqt.updater - INFO - updater 29424 Patching C:\Qt\5.15.2\msvc2019_64\lib\Qt5WinExtras.prl
2026-02-11 20:23:57,949 - aqt.updater - INFO - updater 29424 Patching C:\Qt\5.15.2\msvc2019_64\lib\Qt5WinExtrasd.prl
2026-02-11 20:23:57,964 - aqt.updater - INFO - updater 29424 Patching C:\Qt\5.15.2\msvc2019_64\lib\Qt5Xml.prl
2026-02-11 20:23:57,978 - aqt.updater - INFO - updater 29424 Patching C:\Qt\5.15.2\msvc2019_64\lib\Qt5Xmld.prl
2026-02-11 20:23:57,992 - aqt.updater - INFO - updater 29424 Patching C:\Qt\5.15.2\msvc2019_64\lib\Qt5XmlPatterns.prl
2026-02-11 20:23:58,008 - aqt.updater - INFO - updater 29424 Patching C:\Qt\5.15.2\msvc2019_64\lib\Qt5XmlPatternsd.prl
2026-02-11 20:23:58,023 - aqt.updater - INFO - updater 29424 Patching C:\Qt\5.15.2\msvc2019_64\lib\qtfreetype.prl
2026-02-11 20:23:58,036 - aqt.updater - INFO - updater 29424 Patching C:\Qt\5.15.2\msvc2019_64\lib\qtfreetyped.prl
2026-02-11 20:23:58,051 - aqt.updater - INFO - updater 29424 Patching C:\Qt\5.15.2\msvc2019_64\lib\qtlibpng.prl
2026-02-11 20:23:58,063 - aqt.updater - INFO - updater 29424 Patching C:\Qt\5.15.2\msvc2019_64\lib\qtlibpngd.prl
2026-02-11 20:23:58,078 - aqt.updater - INFO - updater 29424 Patching C:\Qt\5.15.2\msvc2019_64\lib\qtmain.prl
2026-02-11 20:23:58,091 - aqt.updater - INFO - updater 29424 Patching C:\Qt\5.15.2\msvc2019_64\lib\qtmaind.prl
2026-02-11 20:23:58,108 - aqt.main - INFO - installer 29424 Finished installation
2026-02-11 20:23:58,108 - aqt.main - INFO - installer 29424 Time elapsed: 40.99304680 second
